May 06 09:30:41 program_name [6496]: Hello, World!
May 06 09:36:08 spider_gas.py [11368]: Hello, World!
May 06 09:36:43 spider_gas.py [10172]: Hello, World!
May 06 09:39:14 spider_gas.py [6492]: Hello, World!
May 06 09:42:26 spider_gas.py [16580]: COM порт открыт
May 06 09:42:41 spider_gas.py [16580]: COM порт открыт
May 06 09:42:53 spider_gas.py [16580]: COM порт открыт
May 06 09:44:28 spider_gas.py [8]: COM порт открыт
May 06 09:47:24 spider_gas.py [6180]: Последняя дата из базы данных: 2020-05-06 12:00:00
May 06 09:47:24 spider_gas.py [6180]: COM порт открыт
May 06 09:50:03 spider_gas.py [2684]: Последняя дата из базы данных: 2020-05-06 12:00:00
May 06 09:50:03 spider_gas.py [2684]: COM порт открыт
May 06 09:51:53 spider_gas.py [10680]: Последняя дата из базы данных: 2020-05-06 12:00:00
May 06 09:51:53 spider_gas.py [10680]: COM порт открыт
May 06 09:53:42 spider_gas.py [13508]: Последняя дата из базы данных: 2020-05-06 12:00:00
May 06 09:53:43 spider_gas.py [13508]: COM порт открыт
May 06 09:54:58 spider_gas.py [15220]: Последняя дата из базы данных: 2020-05-06 10:00:00
May 06 09:55:00 spider_gas.py [15220]: COM порт открыт
May 06 09:55:16 spider_gas.py [15220]: Сформированная строка для расчета CRC: b'\x01R3\x023:V.0(3;2020-05-06,11:00:00;2020-05-06,11:00:00;1)\x03'
May 06 09:55:16 spider_gas.py [15220]: Расчитанная котрольная сумма CRC: b'\x19'
May 06 09:55:24 spider_gas.py [15220]: Сформированная строка для расчета CRC: b'\x01R3\x023:V.0(3;2020-05-06,12:00:00;2020-05-06,12:00:00;1)\x03'
May 06 09:55:24 spider_gas.py [15220]: Расчитанная котрольная сумма CRC: b'\x19'
